<?xml version="1.0" encoding="UTF-8"?>
<!-- Generated by org.testng.reporters.JUnitReportReporter -->
<testsuite skipped="0" hostname="Nagarjuna-Y" name="com.test.automation.VRRLogistics.loginpage.TC001_Verifylogin" tests="21" failures="0" timestamp="17 Apr 2019 06:26:30 GMT" time="307.768" errors="0">
  <testcase name="verifyLogin" time="21.842" classname="com.test.automation.VRRLogistics.loginpage.TC001_Verifylogin"/>
  <testcase name="verifyLogin" time="0.840" classname="com.test.automation.VRRLogistics.loginpage.TC001_Verifylogin"/>
  <testcase name="verifyLogin" time="2.181" classname="com.test.automation.VRRLogistics.loginpage.TC001_Verifylogin"/>
  <testcase name="verifyLogin" time="9.602" classname="com.test.automation.VRRLogistics.loginpage.TC001_Verifylogin"/>
  <testcase name="verifyLogin" time="43.127" classname="com.test.automation.VRRLogistics.loginpage.TC001_Verifylogin"/>
  <testcase name="verifyLogin" time="1.889" classname="com.test.automation.VRRLogistics.loginpage.TC001_Verifylogin"/>
  <testcase name="verifyLogin" time="42.967" classname="com.test.automation.VRRLogistics.loginpage.TC001_Verifylogin"/>
  <testcase name="verifyLogin" time="1.824" classname="com.test.automation.VRRLogistics.loginpage.TC001_Verifylogin"/>
  <testcase name="verifyLogin" time="0.823" classname="com.test.automation.VRRLogistics.loginpage.TC001_Verifylogin"/>
  <testcase name="verifyLogin" time="21.862" classname="com.test.automation.VRRLogistics.loginpage.TC001_Verifylogin"/>
  <testcase name="verifyLogin" time="9.252" classname="com.test.automation.VRRLogistics.loginpage.TC001_Verifylogin"/>
  <testcase name="verifyLogin" time="21.952" classname="com.test.automation.VRRLogistics.loginpage.TC001_Verifylogin"/>
  <testcase name="verifyLogin" time="21.987" classname="com.test.automation.VRRLogistics.loginpage.TC001_Verifylogin"/>
  <testcase name="verifyLogin" time="0.623" classname="com.test.automation.VRRLogistics.loginpage.TC001_Verifylogin"/>
  <testcase name="verifyLogin" time="0.657" classname="com.test.automation.VRRLogistics.loginpage.TC001_Verifylogin"/>
  <testcase name="verifyLogin" time="43.129" classname="com.test.automation.VRRLogistics.loginpage.TC001_Verifylogin"/>
  <testcase name="verifyLogin" time="9.432" classname="com.test.automation.VRRLogistics.loginpage.TC001_Verifylogin"/>
  <testcase name="verifyLogin" time="42.925" classname="com.test.automation.VRRLogistics.loginpage.TC001_Verifylogin"/>
  <testcase name="verifyLogin" time="0.733" classname="com.test.automation.VRRLogistics.loginpage.TC001_Verifylogin"/>
  <testcase name="verifyLogin" time="9.266" classname="com.test.automation.VRRLogistics.loginpage.TC001_Verifylogin"/>
  <testcase name="verifyLogin" time="0.855" classname="com.test.automation.VRRLogistics.loginpage.TC001_Verifylogin"/>
</testsuite> <!-- com.test.automation.VRRLogistics.loginpage.TC001_Verifylogin -->
