<?xml version="1.0" encoding="UTF-8"?>
<!-- Generated by org.testng.reporters.JUnitReportReporter -->
<testsuite skipped="0" hostname="Nagarjuna-Y" name="com.test.automation.VRRLogistics.dashboard.TC003_UserProfile" tests="1" failures="0" timestamp="03 Apr 2019 10:23:51 GMT" time="66.415" errors="0">
  <testcase name="verifyLogin" time="66.415" classname="com.test.automation.VRRLogistics.dashboard.TC003_UserProfile"/>
</testsuite> <!-- com.test.automation.VRRLogistics.dashboard.TC003_UserProfile -->
