<?xml version="1.0" encoding="UTF-8"?>
<!-- Generated by org.testng.reporters.JUnitReportReporter -->
<testsuite skipped="0" hostname="Nagarjuna-Y" name="com.test.automation.VRRLogistics.dashboard.TC003_UserProfile" tests="3" failures="0" timestamp="17 Apr 2019 06:26:30 GMT" time="197.267" errors="0">
  <testcase name="userProfile" time="66.461" classname="com.test.automation.VRRLogistics.dashboard.TC003_UserProfile"/>
  <testcase name="userProfile" time="64.302" classname="com.test.automation.VRRLogistics.dashboard.TC003_UserProfile"/>
  <testcase name="userProfile" time="66.504" classname="com.test.automation.VRRLogistics.dashboard.TC003_UserProfile"/>
</testsuite> <!-- com.test.automation.VRRLogistics.dashboard.TC003_UserProfile -->
