<?xml version="1.0" encoding="UTF-8"?>
<!-- Generated by org.testng.reporters.JUnitReportReporter -->
<testsuite skipped="0" hostname="Nagarjuna-Y" name="com.test.automation.VRRLogistics.loginpage.TC001_Verifylogin" tests="3" failures="0" timestamp="06 Mar 2019 05:14:23 GMT" time="65.416" errors="0">
  <testcase name="verifyLogin" time="21.853" classname="com.test.automation.VRRLogistics.loginpage.TC001_Verifylogin"/>
  <testcase name="verifyLogin" time="21.756" classname="com.test.automation.VRRLogistics.loginpage.TC001_Verifylogin"/>
  <testcase name="verifyLogin" time="21.807" classname="com.test.automation.VRRLogistics.loginpage.TC001_Verifylogin"/>
</testsuite> <!-- com.test.automation.VRRLogistics.loginpage.TC001_Verifylogin -->
