<?xml version="1.0" encoding="UTF-8"?>
<!-- Generated by org.testng.reporters.JUnitReportReporter -->
<testsuite skipped="0" hostname="Nagarjuna-Y" name="com.test.automation.VRRLogistics.dashboard.TC004_VerifyingLogo" tests="1" failures="0" timestamp="03 Apr 2019 13:01:58 GMT" time="74.341" errors="0">
  <testcase name="verifyLogo" time="74.341" classname="com.test.automation.VRRLogistics.dashboard.TC004_VerifyingLogo"/>
</testsuite> <!-- com.test.automation.VRRLogistics.dashboard.TC004_VerifyingLogo -->
