<?xml version="1.0" encoding="UTF-8"?>
<!-- Generated by org.testng.reporters.JUnitReportReporter -->
<testsuite skipped="1" hostname="Nagarjuna-Y" name="com.test.automation.VRRLogistics.dashboard.TC004_VerifyingLogo" tests="1" failures="0" timestamp="04 Apr 2019 10:47:12 GMT" time="0.000" errors="0">
  <testcase name="verifyLogo" time="0.000" classname="com.test.automation.VRRLogistics.dashboard.TC004_VerifyingLogo">
    <skipped/>
  </testcase> <!-- verifyLogo -->
</testsuite> <!-- com.test.automation.VRRLogistics.dashboard.TC004_VerifyingLogo -->
