<?xml version="1.0" encoding="UTF-8"?>
<!-- Generated by org.testng.reporters.JUnitReportReporter -->
<testsuite skipped="0" hostname="Nagarjuna-Y" name="com.test.automation.VRRLogistics.loginpage.TC001_Verifylogin" tests="7" failures="0" timestamp="01 Apr 2019 05:04:07 GMT" time="38.462" errors="0">
  <testcase name="verifyLogin" time="0.749" classname="com.test.automation.VRRLogistics.loginpage.TC001_Verifylogin"/>
  <testcase name="verifyLogin" time="2.395" classname="com.test.automation.VRRLogistics.loginpage.TC001_Verifylogin"/>
  <testcase name="verifyLogin" time="0.667" classname="com.test.automation.VRRLogistics.loginpage.TC001_Verifylogin"/>
  <testcase name="verifyLogin" time="17.944" classname="com.test.automation.VRRLogistics.loginpage.TC001_Verifylogin"/>
  <testcase name="verifyLogin" time="0.835" classname="com.test.automation.VRRLogistics.loginpage.TC001_Verifylogin"/>
  <testcase name="verifyLogin" time="14.428" classname="com.test.automation.VRRLogistics.loginpage.TC001_Verifylogin"/>
  <testcase name="verifyLogin" time="1.444" classname="com.test.automation.VRRLogistics.loginpage.TC001_Verifylogin"/>
</testsuite> <!-- com.test.automation.VRRLogistics.loginpage.TC001_Verifylogin -->
