<?xml version="1.0" encoding="UTF-8"?>
<!-- Generated by org.testng.reporters.JUnitReportReporter -->
<testsuite skipped="0" hostname="Nagarjuna-Y" name="com.test.automation.VRRLogistics.loginpage.TC005_ChangePassword" tests="1" failures="0" timestamp="09 Apr 2019 06:21:38 GMT" time="71.475" errors="0">
  <testcase name="verifyLogo" time="71.475" classname="com.test.automation.VRRLogistics.loginpage.TC005_ChangePassword"/>
</testsuite> <!-- com.test.automation.VRRLogistics.loginpage.TC005_ChangePassword -->
