<?xml version="1.0" encoding="UTF-8"?>
<!-- Generated by org.testng.reporters.JUnitReportReporter -->
<testsuite skipped="0" hostname="Nagarjuna-Y" name="com.test.automation.VRRLogistics.loginpage.TC005_ChangePassword" tests="3" failures="0" timestamp="17 Apr 2019 06:26:30 GMT" time="207.970" errors="0">
  <testcase name="changePassword" time="71.839" classname="com.test.automation.VRRLogistics.loginpage.TC005_ChangePassword"/>
  <testcase name="changePassword" time="67.641" classname="com.test.automation.VRRLogistics.loginpage.TC005_ChangePassword"/>
  <testcase name="changePassword" time="68.490" classname="com.test.automation.VRRLogistics.loginpage.TC005_ChangePassword"/>
</testsuite> <!-- com.test.automation.VRRLogistics.loginpage.TC005_ChangePassword -->
