<?xml version="1.0" encoding="UTF-8"?>
<!-- Generated by org.testng.reporters.JUnitReportReporter -->
<testsuite skipped="0" hostname="Nagarjuna-Y" name="com.test.automation.VRRLogistics.loginpage.TC005_ChangePassword" tests="1" failures="0" timestamp="04 Apr 2019 09:55:42 GMT" time="75.357" errors="0">
  <testcase name="verifyLogo" time="75.357" classname="com.test.automation.VRRLogistics.loginpage.TC005_ChangePassword"/>
</testsuite> <!-- com.test.automation.VRRLogistics.loginpage.TC005_ChangePassword -->
