<?xml version="1.0" encoding="UTF-8"?>
<!-- Generated by org.testng.reporters.JUnitReportReporter -->
<testsuite skipped="1" hostname="Nagarjuna-Y" name="com.test.automation.VRRLogistics.dashboard.TC003_UserProfile" tests="1" failures="0" timestamp="04 Apr 2019 10:47:13 GMT" time="0.000" errors="0">
  <testcase name="verifyLogin" time="0.000" classname="com.test.automation.VRRLogistics.dashboard.TC003_UserProfile">
    <skipped/>
  </testcase> <!-- verifyLogin -->
</testsuite> <!-- com.test.automation.VRRLogistics.dashboard.TC003_UserProfile -->
