<?xml version="1.0" encoding="UTF-8"?>
<!-- Generated by org.testng.reporters.JUnitReportReporter -->
<testsuite skipped="0" hostname="Nagarjuna-Y" name="com.test.automation.VRRLogistics.dashboard.TC002_MasterOption" tests="1" failures="0" timestamp="03 Apr 2019 12:28:28 GMT" time="71.539" errors="0">
  <testcase name="verifyLogin" time="71.539" classname="com.test.automation.VRRLogistics.dashboard.TC002_MasterOption"/>
</testsuite> <!-- com.test.automation.VRRLogistics.dashboard.TC002_MasterOption -->
