<?xml version="1.0" encoding="UTF-8"?>
<!-- Generated by org.testng.reporters.JUnitReportReporter -->
<testsuite skipped="0" hostname="Nagarjuna-Y" name="com.test.automation.VRRLogistics.loginpage.TC001_Verifylogin" tests="3" failures="0" timestamp="05 Mar 2019 11:27:35 GMT" time="65.466" errors="0">
  <testcase name="verifyLogin" time="21.764" classname="com.test.automation.VRRLogistics.loginpage.TC001_Verifylogin"/>
  <testcase name="verifyLogin" time="21.828" classname="com.test.automation.VRRLogistics.loginpage.TC001_Verifylogin"/>
  <testcase name="verifyLogin" time="21.874" classname="com.test.automation.VRRLogistics.loginpage.TC001_Verifylogin"/>
</testsuite> <!-- com.test.automation.VRRLogistics.loginpage.TC001_Verifylogin -->
