<?xml version="1.0" encoding="UTF-8"?>
<!-- Generated by org.testng.reporters.JUnitReportReporter -->
<testsuite skipped="0" hostname="Nagarjuna-Y" name="com.test.automation.VRRLogistics.loginpage.TC001_Verifylogin" tests="7" failures="0" timestamp="09 Apr 2019 08:58:14 GMT" time="91.142" errors="0">
  <testcase name="verifyLogin" time="0.751" classname="com.test.automation.VRRLogistics.loginpage.TC001_Verifylogin"/>
  <testcase name="verifyLogin" time="22.444" classname="com.test.automation.VRRLogistics.loginpage.TC001_Verifylogin"/>
  <testcase name="verifyLogin" time="21.906" classname="com.test.automation.VRRLogistics.loginpage.TC001_Verifylogin"/>
  <testcase name="verifyLogin" time="0.876" classname="com.test.automation.VRRLogistics.loginpage.TC001_Verifylogin"/>
  <testcase name="verifyLogin" time="21.906" classname="com.test.automation.VRRLogistics.loginpage.TC001_Verifylogin"/>
  <testcase name="verifyLogin" time="1.100" classname="com.test.automation.VRRLogistics.loginpage.TC001_Verifylogin"/>
  <testcase name="verifyLogin" time="22.159" classname="com.test.automation.VRRLogistics.loginpage.TC001_Verifylogin"/>
</testsuite> <!-- com.test.automation.VRRLogistics.loginpage.TC001_Verifylogin -->
