<?xml version="1.0" encoding="UTF-8"?>
<!-- Generated by org.testng.reporters.JUnitReportReporter -->
<testsuite skipped="0" hostname="Nagarjuna-Y" name="com.test.automation.VRRLogistics.dashboard.TC004_VerifyingLogo" tests="3" failures="0" timestamp="17 Apr 2019 06:26:30 GMT" time="195.973" errors="0">
  <testcase name="verifyLogo" time="66.605" classname="com.test.automation.VRRLogistics.dashboard.TC004_VerifyingLogo"/>
  <testcase name="verifyLogo" time="65.535" classname="com.test.automation.VRRLogistics.dashboard.TC004_VerifyingLogo"/>
  <testcase name="verifyLogo" time="63.833" classname="com.test.automation.VRRLogistics.dashboard.TC004_VerifyingLogo"/>
</testsuite> <!-- com.test.automation.VRRLogistics.dashboard.TC004_VerifyingLogo -->
